/*C3*/SET SCHEMA PUBLIC
CREATE TABLE IF NOT EXISTS patients(    id                  BIGINT GENERATED BY DEFAULT AS IDENTITY(START WITH 1) NOT NULL PRIMARY KEY,    first_name          VARCHAR(20),    last_name           VARCHAR(40),    patronymic          VARCHAR(40),    phone_number        VARCHAR(15))
CREATE TABLE IF NOT EXISTS doctors(    id                  BIGINT GENERATED BY DEFAULT AS IDENTITY(START WITH 1) NOT NULL PRIMARY KEY,    first_name          VARCHAR(20),    last_name           VARCHAR(40),    patronymic          VARCHAR(40),    specialization      VARCHAR(20))
CREATE TABLE IF NOT EXISTS recipes(    id                  BIGINT GENERATED BY DEFAULT AS IDENTITY(START WITH 1) NOT NULL PRIMARY KEY,    description         LONGVARCHAR,    patient_id          BIGINT NOT NULL,    doctor_id           BIGINT NOT NULL,    creation_date       TIMESTAMP,    validity            SMALLINT,    priority            VARCHAR(6),    FOREIGN KEY (patient_id) REFERENCES patients(id),    FOREIGN KEY (doctor_id) REFERENCES doctors(id))
INSERT INTO DOCTORS VALUES(5,'\u0418\u0432\u0430\u043d','\u0418\u0432\u0430\u043d\u043e\u0432','\u041f\u0435\u0442\u0440\u043e\u0432\u0438\u0447','\u0442\u0435\u0440\u0430\u043f\u0435\u0432\u0442')
COMMIT
INSERT INTO DOCTORS VALUES(6,'\u041f\u0435\u0442\u0440\u043e\u0432','\u0410\u043d\u0430\u0442\u043e\u043b\u0438\u0439','\u0412\u0430\u0441\u0438\u043b\u044c\u0435\u0432\u0438\u0447','\u0445\u0438\u0440\u0443\u0440\u0433')
COMMIT
INSERT INTO DOCTORS VALUES(7,'\u0415\u0432\u0433\u0435\u043d\u0438\u0439','\u0424\u0440\u043e\u043b\u043e\u0432','\u0410\u043d\u0442\u043e\u043d\u043e\u0432\u0438\u0447','\u041c\u0435\u0434\u0431\u0440\u0430\u0442')
COMMIT
INSERT INTO PATIENTS VALUES(6,'\u041c\u0430\u043a\u0430\u0440','\u0412\u0430\u0441\u0438\u043b\u044c\u0435\u0432','\u0414\u043c\u0438\u0442\u0440\u0438\u0435\u0432\u0438\u0447','89277899001')
COMMIT
INSERT INTO PATIENTS VALUES(7,'\u0412\u043b\u0430\u0434\u0438\u043c\u0438\u0440','\u0428\u0438\u0448\u043a\u0438\u043d','\u0412\u043b\u0430\u0434\u0438\u043c\u0438\u0440\u043e\u0432\u0438\u0447','89999789067')
COMMIT
INSERT INTO PATIENTS VALUES(8,'\u0414\u043c\u0438\u0442\u0440\u0438\u0439','\u0416\u0434\u0430\u043d\u043e\u0432','\u0412\u0430\u0441\u0438\u043b\u044c\u0435\u0432\u0438\u0447','89778975467')
COMMIT
DELETE FROM DOCTORS WHERE ID=6
INSERT INTO DOCTORS VALUES(6,'\u0410\u043d\u0430\u0442\u043e\u043b\u0438\u0439','\u041f\u0435\u0442\u0440\u043e\u0432','\u0412\u0430\u0441\u0438\u043b\u044c\u0435\u0432\u0438\u0447','\u0445\u0438\u0440\u0443\u0440\u0433')
COMMIT
DELETE FROM DOCTORS WHERE ID=7
INSERT INTO DOCTORS VALUES(7,'\u0415\u0432\u0433\u0435\u043d\u0438\u0439','\u0424\u0440\u043e\u043b\u043e\u0432','\u0410\u043d\u0442\u043e\u043d\u043e\u0432\u0438\u0447','\u043c\u0435\u0434\u0431\u0440\u0430\u0442')
COMMIT
INSERT INTO RECIPES VALUES(7,'\u0412\u044b\u0434\u0430\u0442\u044c \u0430\u0441\u043f\u0438\u0440\u0438\u043d',6,5,'2020-07-01 23:48:46.297000',30,'Normal')
COMMIT
INSERT INTO RECIPES VALUES(8,'\u0412\u044b\u0434\u0430\u0442\u044c \u043d\u0430\u0441\u0442\u043e\u0439\u043a\u0443 \u043f\u0443\u0441\u0442\u044b\u0440\u043d\u0438\u043a\u0430',7,6,'2020-07-01 23:49:17.252000',45,'Statim')
COMMIT
INSERT INTO RECIPES VALUES(9,'\u0412\u044b\u0434\u0430\u0442\u044c \u043f\u0440\u043e\u0442\u0438\u0432\u043e\u0432\u0438\u0440\u0443\u0441\u043d\u043e\u0435 \u043b\u0435\u043a\u0430\u0440\u0441\u0442\u0432\u043e',8,7,'2020-07-01 23:50:13.673000',60,'Cito')
COMMIT
INSERT INTO RECIPES VALUES(10,'\u0422\u0435\u0441\u0442\u043e\u0432\u043e\u0435 \u043e\u043f\u0438\u0441\u0430\u043d\u0438\u0435',8,5,'2020-07-01 23:51:11.290000',56,'Normal')
COMMIT
INSERT INTO RECIPES VALUES(11,'\u0415\u0449\u0435 \u043e\u0434\u043d\u043e \u0442\u0435\u0441\u0442\u043e\u0432\u043e\u0435 \u043e\u043f\u0438\u0441\u0430\u043d\u0438\u0435',7,5,'2020-07-01 23:51:37.608000',70,'Cito')
COMMIT
